2025-11-14T02:57:16+01:00 REMOTE=::1 METHOD=GET RAW= POST=Array
(
)

2025-11-14T02:57:23+01:00 REMOTE=::1 METHOD=GET RAW= POST=Array
(
)

2025-11-14T02:57:28+01:00 REMOTE=::1 METHOD=POST RAW={"id":"","nombre":"dsadasd","categoria":"asdasda","distrito":"asdasd","precio":"1","reputacion":"1","experiencia":"1"} POST=Array
(
)

2025-11-14T02:57:28+01:00 REMOTE=::1 METHOD=GET RAW= POST=Array
(
)

2025-11-14T02:59:59+01:00 REMOTE=::1 METHOD=GET RAW= POST=Array
(
)

2025-11-14T03:01:57+01:00 REMOTE=::1 METHOD=GET RAW= POST=Array
(
)

2025-11-14T03:02:05+01:00 REMOTE=::1 METHOD=POST RAW={"id":"","nombre":"asdasdaaaaaaaaaaa","categoria":"aaaaaa","distrito":"aaa","precio":"22","reputacion":"02","experiencia":"2"} POST=Array
(
)

2025-11-14T03:02:05+01:00 REMOTE=::1 METHOD=GET RAW= POST=Array
(
)

2025-11-14T03:02:39+01:00 REMOTE=::1 METHOD=GET RAW= POST=Array
(
)

2025-11-14T03:02:55+01:00 REMOTE=::1 METHOD=PUT RAW={"id":"8","nombre":"prueba","categoria":"asda","distrito":"asda","precio":"21","reputacion":"1","experiencia":"11"} POST=Array
(
)

2025-11-14T03:02:56+01:00 REMOTE=::1 METHOD=GET RAW= POST=Array
(
)

2025-11-14T03:11:12+01:00 REMOTE=::1 METHOD=GET RAW= POST=Array
(
)

2025-11-14T03:13:36+01:00 REMOTE=::1 METHOD=GET RAW= POST=Array
(
)

2025-11-14T03:13:36+01:00 REMOTE=::1 METHOD=GET RAW= POST=Array
(
)

2025-11-14T03:22:42+01:00 REMOTE=::1 METHOD=GET RAW= POST=Array
(
)

2025-11-14T03:26:49+01:00 REMOTE=::1 METHOD=GET RAW= POST=Array
(
)

2025-11-14T03:26:57+01:00 REMOTE=::1 METHOD=GET RAW= POST=Array
(
)

2025-11-14T03:26:59+01:00 REMOTE=::1 METHOD=GET RAW= POST=Array
(
)

2025-11-14T03:27:02+01:00 REMOTE=::1 METHOD=GET RAW= POST=Array
(
)

2025-11-14T03:49:15+01:00 REMOTE=::1 METHOD=GET RAW= POST=Array
(
)

2025-11-14T03:49:16+01:00 REMOTE=::1 METHOD=GET RAW= POST=Array
(
)

2025-11-14T03:49:16+01:00 REMOTE=::1 METHOD=GET RAW= POST=Array
(
)

2025-11-14T03:49:17+01:00 REMOTE=::1 METHOD=GET RAW= POST=Array
(
)

2025-11-14T04:22:05+01:00 REMOTE=::1 METHOD=GET RAW= POST=Array
(
)

2025-11-14T04:28:46+01:00 REMOTE=::1 METHOD=GET RAW= POST=Array
(
)

2025-11-14T04:29:16+01:00 REMOTE=::1 METHOD=GET RAW= POST=Array
(
)

2025-11-14T04:31:50+01:00 REMOTE=::1 METHOD=GET RAW= POST=Array
(
)

2025-11-14T04:31:50+01:00 REMOTE=::1 METHOD=GET RAW= POST=Array
(
)

2025-11-14T04:31:53+01:00 REMOTE=::1 METHOD=GET RAW= POST=Array
(
)

2025-11-14T04:31:55+01:00 REMOTE=::1 METHOD=GET RAW= POST=Array
(
)

2025-11-14T04:33:12+01:00 REMOTE=::1 METHOD=GET RAW= POST=Array
(
)

2025-11-14T04:33:13+01:00 REMOTE=::1 METHOD=GET RAW= POST=Array
(
)

2025-11-14T04:35:18+01:00 REMOTE=::1 METHOD=GET RAW= POST=Array
(
)

2025-11-14T04:35:22+01:00 REMOTE=::1 METHOD=GET RAW= POST=Array
(
)

2025-11-14T04:36:31+01:00 REMOTE=::1 METHOD=GET RAW= POST=Array
(
)

2025-11-14T04:36:34+01:00 REMOTE=::1 METHOD=GET RAW= POST=Array
(
)

2025-11-14T04:37:16+01:00 REMOTE=::1 METHOD=GET RAW= POST=Array
(
)

2025-11-14T04:37:22+01:00 REMOTE=::1 METHOD=GET RAW= POST=Array
(
)

2025-11-14T04:37:23+01:00 REMOTE=::1 METHOD=GET RAW= POST=Array
(
)

2025-11-14T04:38:35+01:00 REMOTE=::1 METHOD=GET RAW= POST=Array
(
)

2025-11-14T04:38:40+01:00 REMOTE=::1 METHOD=GET RAW= POST=Array
(
)

2025-11-14T04:40:39+01:00 REMOTE=::1 METHOD=GET RAW= POST=Array
(
)

2025-11-14T04:40:40+01:00 REMOTE=::1 METHOD=GET RAW= POST=Array
(
)

2025-11-14T04:44:02+01:00 REMOTE=::1 METHOD=GET RAW= POST=Array
(
)

2025-11-14T04:44:05+01:00 REMOTE=::1 METHOD=GET RAW= POST=Array
(
)

2025-11-14T04:46:44+01:00 REMOTE=::1 METHOD=GET RAW= POST=Array
(
)

2025-11-14T04:46:44+01:00 REMOTE=::1 METHOD=GET RAW= POST=Array
(
)

2025-11-14T23:36:54+01:00 REMOTE=::1 METHOD=GET RAW= POST=Array
(
)

2025-11-14T23:36:56+01:00 REMOTE=::1 METHOD=GET RAW= POST=Array
(
)

2025-11-14T23:51:52+01:00 REMOTE=::1 METHOD=GET RAW= POST=Array
(
)

2025-11-14T23:51:55+01:00 REMOTE=::1 METHOD=GET RAW= POST=Array
(
)

2025-11-15T01:00:14+01:00 REMOTE=::1 METHOD=GET RAW= POST=Array
(
)

2025-11-15T01:00:15+01:00 REMOTE=::1 METHOD=GET RAW= POST=Array
(
)

2025-11-15T01:00:16+01:00 REMOTE=::1 METHOD=GET RAW= POST=Array
(
)

2025-11-15T01:00:18+01:00 REMOTE=::1 METHOD=GET RAW= POST=Array
(
)

2025-11-15T01:12:34+01:00 REMOTE=::1 METHOD=GET RAW= POST=Array
(
)

2025-11-15T01:42:47+01:00 REMOTE=::1 METHOD=GET RAW= POST=Array
(
)

2025-11-15T01:42:51+01:00 REMOTE=::1 METHOD=GET RAW= POST=Array
(
)

2025-11-16T02:01:13+01:00 REMOTE=::1 METHOD=GET RAW= POST=Array
(
)

2025-11-16T02:01:15+01:00 REMOTE=::1 METHOD=GET RAW= POST=Array
(
)

2025-11-16T02:01:34+01:00 REMOTE=::1 METHOD=GET RAW= POST=Array
(
)

2025-11-16T02:01:42+01:00 REMOTE=::1 METHOD=GET RAW= POST=Array
(
)

2025-11-16T02:04:48+01:00 REMOTE=::1 METHOD=GET RAW= POST=Array
(
)

2025-11-16T02:04:59+01:00 REMOTE=::1 METHOD=GET RAW= POST=Array
(
)

2025-11-16T23:58:32+01:00 REMOTE=127.0.0.1 METHOD=GET RAW= POST=Array
(
)

2025-11-16T23:58:33+01:00 REMOTE=127.0.0.1 METHOD=GET RAW= POST=Array
(
)

2025-11-17T00:03:34+01:00 REMOTE=127.0.0.1 METHOD=GET RAW= POST=Array
(
)

2025-11-17T00:03:34+01:00 REMOTE=127.0.0.1 METHOD=GET RAW= POST=Array
(
)

2025-11-17T00:03:44+01:00 REMOTE=127.0.0.1 METHOD=GET RAW= POST=Array
(
)

2025-11-17T00:07:41+01:00 REMOTE=127.0.0.1 METHOD=GET RAW= POST=Array
(
)

2025-11-17T00:07:43+01:00 REMOTE=127.0.0.1 METHOD=GET RAW= POST=Array
(
)

